2023-04-24 10:18:11 [main] INFO  c.h.c.e.EmployeeManagementSystemApplication - Starting EmployeeManagementSystemApplication using Java 17.0.4.1 with PID 18832 (G:\HDFC_Spring\Employee_ManagementSystem\bin\main started by HP in G:\HDFC_Spring\Employee_ManagementSystem)
2023-04-24 10:18:10 [background-preinit] INFO  o.h.validator.internal.util.Version - HV000001: Hibernate Validator 8.0.0.Final
2023-04-24 10:18:11 [main] INFO  c.h.c.e.EmployeeManagementSystemApplication - No active profile set, falling back to 1 default profile: "default"
2023-04-24 10:18:13 [main] INFO  o.s.d.r.c.RepositoryConfigurationDelegate - Bootstrapping Spring Data JPA repositories in DEFAULT mode.
2023-04-24 10:18:13 [main] INFO  o.s.d.r.c.RepositoryConfigurationDelegate - Finished Spring Data repository scanning in 171 ms. Found 1 JPA repository interfaces.
2023-04-24 10:18:15 [main] INFO  o.s.b.w.e.tomcat.TomcatWebServer - Tomcat initialized with port(s): 8485 (http)
2023-04-24 10:18:15 [main] INFO  o.a.coyote.http11.Http11NioProtocol - Initializing ProtocolHandler ["http-nio-8485"]
2023-04-24 10:18:15 [main] INFO  o.a.catalina.core.StandardService - Starting service [Tomcat]
2023-04-24 10:18:15 [main] INFO  o.a.catalina.core.StandardEngine - Starting Servlet engine: [Apache Tomcat/10.1.8]
2023-04-24 10:18:16 [main] INFO  o.a.c.c.C.[Tomcat].[localhost].[/] - Initializing Spring embedded WebApplicationContext
2023-04-24 10:18:16 [main] INFO  o.s.b.w.s.c.ServletWebServerApplicationContext - Root WebApplicationContext: initialization completed in 4843 ms
2023-04-24 10:18:16 [main] INFO  o.h.jpa.internal.util.LogHelper - HHH000204: Processing PersistenceUnitInfo [name: default]
2023-04-24 10:18:16 [main] INFO  org.hibernate.Version - HHH000412: Hibernate ORM core version 6.1.7.Final
2023-04-24 10:18:17 [main] INFO  com.zaxxer.hikari.HikariDataSource - HikariPool-1 - Starting...
2023-04-24 10:18:21 [main] INFO  com.zaxxer.hikari.pool.HikariPool - HikariPool-1 - Added connection com.mysql.cj.jdbc.ConnectionImpl@50df37eb
2023-04-24 10:18:21 [main] INFO  com.zaxxer.hikari.HikariDataSource - HikariPool-1 - Start completed.
2023-04-24 10:18:22 [main] INFO  SQL dialect - HHH000400: Using dialect: org.hibernate.dialect.MySQLDialect
2023-04-24 10:18:26 [main] INFO  o.h.e.t.j.p.i.JtaPlatformInitiator - HHH000490: Using JtaPlatform implementation: [org.hibernate.engine.transaction.jta.platform.internal.NoJtaPlatform]
2023-04-24 10:18:26 [main] INFO  o.s.o.j.LocalContainerEntityManagerFactoryBean - Initialized JPA EntityManagerFactory for persistence unit 'default'
2023-04-24 10:18:26 [main] WARN  o.s.b.a.o.j.JpaBaseConfiguration$JpaWebConfiguration - spring.jpa.open-in-view is enabled by default. Therefore, database queries may be performed during view rendering. Explicitly configure spring.jpa.open-in-view to disable this warning
2023-04-24 10:18:29 [main] INFO  o.a.coyote.http11.Http11NioProtocol - Starting ProtocolHandler ["http-nio-8485"]
2023-04-24 10:18:29 [main] INFO  o.s.b.w.e.tomcat.TomcatWebServer - Tomcat started on port(s): 8485 (http) with context path ''
2023-04-24 10:18:29 [main] INFO  c.h.c.e.EmployeeManagementSystemApplication - Started EmployeeManagementSystemApplication in 20.319 seconds (process running for 24.529)
2023-04-24 10:18:34 [http-nio-8485-exec-1] INFO  o.a.c.c.C.[Tomcat].[localhost].[/] - Initializing Spring DispatcherServlet 'dispatcherServlet'
2023-04-24 10:18:34 [http-nio-8485-exec-1] INFO  o.s.web.servlet.DispatcherServlet - Initializing Servlet 'dispatcherServlet'
2023-04-24 10:18:34 [http-nio-8485-exec-1] INFO  o.s.web.servlet.DispatcherServlet - Completed initialization in 3 ms
2023-04-24 10:18:34 [http-nio-8485-exec-1] WARN  o.s.c.LocalVariableTableParameterNameDiscoverer - Using deprecated '-debug' fallback for parameter name resolution. Compile the affected code with '-parameters' instead or avoid its introspection: com.hdfc.capstone.employee.controller.EmployeeController
2023-04-24 10:18:34 [http-nio-8485-exec-1] INFO  c.h.c.e.c.EmployeeController - Record of EmployeeID(1102)is called
2023-04-24 10:18:42 [http-nio-8485-exec-5] INFO  c.h.c.e.c.EmployeeController - Record of EmployeeID(1105)is called
2023-04-24 10:18:46 [http-nio-8485-exec-8] INFO  c.h.c.e.c.EmployeeController - Record of EmployeeID(1101)is called
2023-04-24 12:49:44 [RMI TCP Connection(157)-127.0.0.1] INFO  o.s.b.a.SpringApplicationAdminMXBeanRegistrar$SpringApplicationAdmin - Application shutdown requested.
2023-04-24 12:49:46 [RMI TCP Connection(157)-127.0.0.1] INFO  o.a.coyote.http11.Http11NioProtocol - Pausing ProtocolHandler ["http-nio-8485"]
2023-04-24 12:49:46 [RMI TCP Connection(157)-127.0.0.1] INFO  o.a.catalina.core.StandardService - Stopping service [Tomcat]
2023-04-24 12:49:46 [RMI TCP Connection(157)-127.0.0.1] INFO  o.a.c.c.C.[Tomcat].[localhost].[/] - Destroying Spring FrameworkServlet 'dispatcherServlet'
2023-04-24 12:49:48 [RMI TCP Connection(157)-127.0.0.1] INFO  o.a.coyote.http11.Http11NioProtocol - Stopping ProtocolHandler ["http-nio-8485"]
2023-04-24 12:49:48 [RMI TCP Connection(157)-127.0.0.1] INFO  o.a.coyote.http11.Http11NioProtocol - Destroying ProtocolHandler ["http-nio-8485"]
2023-04-24 12:49:49 [RMI TCP Connection(157)-127.0.0.1] INFO  o.s.o.j.LocalContainerEntityManagerFactoryBean - Closing JPA EntityManagerFactory for persistence unit 'default'
2023-04-24 12:49:50 [RMI TCP Connection(157)-127.0.0.1] INFO  com.zaxxer.hikari.HikariDataSource - HikariPool-1 - Shutdown initiated...
2023-04-24 12:49:50 [RMI TCP Connection(157)-127.0.0.1] INFO  com.zaxxer.hikari.HikariDataSource - HikariPool-1 - Shutdown completed.
2023-04-24 12:49:55 [background-preinit] INFO  o.h.validator.internal.util.Version - HV000001: Hibernate Validator 8.0.0.Final
2023-04-24 12:49:55 [main] INFO  c.h.c.e.EmployeeManagementSystemApplication - Starting EmployeeManagementSystemApplication using Java 17.0.4.1 with PID 12532 (G:\HDFC_Spring\Employee_ManagementSystem\bin\main started by HP in G:\HDFC_Spring\Employee_ManagementSystem)
2023-04-24 12:49:55 [main] INFO  c.h.c.e.EmployeeManagementSystemApplication - No active profile set, falling back to 1 default profile: "default"
2023-04-24 12:49:56 [main] INFO  o.s.d.r.c.RepositoryConfigurationDelegate - Bootstrapping Spring Data JPA repositories in DEFAULT mode.
2023-04-24 12:49:56 [main] INFO  o.s.d.r.c.RepositoryConfigurationDelegate - Finished Spring Data repository scanning in 150 ms. Found 1 JPA repository interfaces.
2023-04-24 12:49:57 [main] INFO  o.s.b.w.e.tomcat.TomcatWebServer - Tomcat initialized with port(s): 8485 (https)
2023-04-24 12:49:57 [main] INFO  o.a.coyote.http11.Http11NioProtocol - Initializing ProtocolHandler ["https-jsse-nio-8485"]
2023-04-24 12:49:57 [main] INFO  o.a.catalina.core.StandardService - Starting service [Tomcat]
2023-04-24 12:49:57 [main] INFO  o.a.catalina.core.StandardEngine - Starting Servlet engine: [Apache Tomcat/10.1.8]
2023-04-24 12:49:57 [main] INFO  o.a.c.c.C.[Tomcat].[localhost].[/] - Initializing Spring embedded WebApplicationContext
2023-04-24 12:49:57 [main] INFO  o.s.b.w.s.c.ServletWebServerApplicationContext - Root WebApplicationContext: initialization completed in 1982 ms
2023-04-24 12:49:57 [main] INFO  o.h.jpa.internal.util.LogHelper - HHH000204: Processing PersistenceUnitInfo [name: default]
2023-04-24 12:49:57 [main] INFO  org.hibernate.Version - HHH000412: Hibernate ORM core version 6.1.7.Final
2023-04-24 12:49:58 [main] INFO  com.zaxxer.hikari.HikariDataSource - HikariPool-1 - Starting...
2023-04-24 12:49:58 [main] INFO  com.zaxxer.hikari.pool.HikariPool - HikariPool-1 - Added connection com.mysql.cj.jdbc.ConnectionImpl@d3cce46
2023-04-24 12:49:58 [main] INFO  com.zaxxer.hikari.HikariDataSource - HikariPool-1 - Start completed.
2023-04-24 12:49:59 [main] INFO  SQL dialect - HHH000400: Using dialect: org.hibernate.dialect.MySQLDialect
2023-04-24 12:50:01 [main] INFO  o.h.e.t.j.p.i.JtaPlatformInitiator - HHH000490: Using JtaPlatform implementation: [org.hibernate.engine.transaction.jta.platform.internal.NoJtaPlatform]
2023-04-24 12:50:01 [main] INFO  o.s.o.j.LocalContainerEntityManagerFactoryBean - Initialized JPA EntityManagerFactory for persistence unit 'default'
2023-04-24 12:50:01 [main] WARN  o.s.b.a.o.j.JpaBaseConfiguration$JpaWebConfiguration - spring.jpa.open-in-view is enabled by default. Therefore, database queries may be performed during view rendering. Explicitly configure spring.jpa.open-in-view to disable this warning
2023-04-24 12:50:02 [main] INFO  o.a.coyote.http11.Http11NioProtocol - Starting ProtocolHandler ["https-jsse-nio-8485"]
2023-04-24 12:50:02 [main] WARN  o.s.b.w.s.c.AnnotationConfigServletWebServerApplicationContext - Exception encountered during context initialization - cancelling refresh attempt: org.springframework.context.ApplicationContextException: Failed to start bean 'webServerStartStop'
2023-04-24 12:50:02 [main] INFO  o.s.o.j.LocalContainerEntityManagerFactoryBean - Closing JPA EntityManagerFactory for persistence unit 'default'
2023-04-24 12:50:02 [main] INFO  com.zaxxer.hikari.HikariDataSource - HikariPool-1 - Shutdown initiated...
2023-04-24 12:50:02 [main] INFO  com.zaxxer.hikari.HikariDataSource - HikariPool-1 - Shutdown completed.
2023-04-24 12:50:02 [main] INFO  o.a.coyote.http11.Http11NioProtocol - Pausing ProtocolHandler ["https-jsse-nio-8485"]
2023-04-24 12:50:02 [main] INFO  o.a.catalina.core.StandardService - Stopping service [Tomcat]
2023-04-24 12:50:02 [main] INFO  o.a.coyote.http11.Http11NioProtocol - Stopping ProtocolHandler ["https-jsse-nio-8485"]
2023-04-24 12:50:02 [main] INFO  o.a.coyote.http11.Http11NioProtocol - Destroying ProtocolHandler ["https-jsse-nio-8485"]
2023-04-24 12:50:02 [main] INFO  o.s.b.a.l.ConditionEvaluationReportLogger - 

Error starting ApplicationContext. To display the condition evaluation report re-run your application with 'debug' enabled.
2023-04-24 12:50:02 [main] ERROR o.s.boot.SpringApplication - Application run failed
org.springframework.context.ApplicationContextException: Failed to start bean 'webServerStartStop'
	at org.springframework.context.support.DefaultLifecycleProcessor.doStart(DefaultLifecycleProcessor.java:181)
	at org.springframework.context.support.DefaultLifecycleProcessor$LifecycleGroup.start(DefaultLifecycleProcessor.java:356)
	at java.base/java.lang.Iterable.forEach(Iterable.java:75)
	at org.springframework.context.support.DefaultLifecycleProcessor.startBeans(DefaultLifecycleProcessor.java:155)
	at org.springframework.context.support.DefaultLifecycleProcessor.onRefresh(DefaultLifecycleProcessor.java:123)
	at org.springframework.context.support.AbstractApplicationContext.finishRefresh(AbstractApplicationContext.java:934)
	at org.springframework.context.support.AbstractApplicationContext.refresh(AbstractApplicationContext.java:587)
	at org.springframework.boot.web.servlet.context.ServletWebServerApplicationContext.refresh(ServletWebServerApplicationContext.java:146)
	at org.springframework.boot.SpringApplication.refresh(SpringApplication.java:732)
	at org.springframework.boot.SpringApplication.refreshContext(SpringApplication.java:434)
	at org.springframework.boot.SpringApplication.run(SpringApplication.java:310)
	at org.springframework.boot.SpringApplication.run(SpringApplication.java:1304)
	at org.springframework.boot.SpringApplication.run(SpringApplication.java:1293)
	at com.hdfc.capstone.employee.EmployeeManagementSystemApplication.main(EmployeeManagementSystemApplication.java:10)
Caused by: org.springframework.boot.web.server.WebServerException: Unable to start embedded Tomcat server
	at org.springframework.boot.web.embedded.tomcat.TomcatWebServer.start(TomcatWebServer.java:229)
	at org.springframework.boot.web.servlet.context.WebServerStartStopLifecycle.start(WebServerStartStopLifecycle.java:44)
	at org.springframework.context.support.DefaultLifecycleProcessor.doStart(DefaultLifecycleProcessor.java:178)
	... 13 common frames omitted
Caused by: java.lang.IllegalArgumentException: standardService.connector.startFailed
	at org.apache.catalina.core.StandardService.addConnector(StandardService.java:235)
	at org.springframework.boot.web.embedded.tomcat.TomcatWebServer.addPreviouslyRemovedConnectors(TomcatWebServer.java:282)
	at org.springframework.boot.web.embedded.tomcat.TomcatWebServer.start(TomcatWebServer.java:213)
	... 15 common frames omitted
Caused by: org.apache.catalina.LifecycleException: Protocol handler start failed
	at org.apache.catalina.connector.Connector.startInternal(Connector.java:1043)
	at org.apache.catalina.util.LifecycleBase.start(LifecycleBase.java:183)
	at org.apache.catalina.core.StandardService.addConnector(StandardService.java:232)
	... 17 common frames omitted
Caused by: java.lang.IllegalArgumentException: G:\HDFC_Spring\Employee_ManagementSystem\keystore.p12 (The system cannot find the file specified)
	at org.apache.tomcat.util.net.AbstractJsseEndpoint.createSSLContext(AbstractJsseEndpoint.java:106)
	at org.apache.tomcat.util.net.AbstractJsseEndpoint.initialiseSsl(AbstractJsseEndpoint.java:70)
	at org.apache.tomcat.util.net.NioEndpoint.bind(NioEndpoint.java:207)
	at org.apache.tomcat.util.net.AbstractEndpoint.bindWithCleanup(AbstractEndpoint.java:1256)
	at org.apache.tomcat.util.net.AbstractEndpoint.start(AbstractEndpoint.java:1342)
	at org.apache.coyote.AbstractProtocol.start(AbstractProtocol.java:633)
	at org.apache.catalina.connector.Connector.startInternal(Connector.java:1041)
	... 19 common frames omitted
Caused by: java.io.FileNotFoundException: G:\HDFC_Spring\Employee_ManagementSystem\keystore.p12 (The system cannot find the file specified)
	at java.base/java.io.FileInputStream.open0(Native Method)
	at java.base/java.io.FileInputStream.open(FileInputStream.java:216)
	at java.base/java.io.FileInputStream.<init>(FileInputStream.java:157)
	at java.base/java.io.FileInputStream.<init>(FileInputStream.java:111)
	at java.base/sun.net.www.protocol.file.FileURLConnection.connect(FileURLConnection.java:86)
	at java.base/sun.net.www.protocol.file.FileURLConnection.getInputStream(FileURLConnection.java:189)
	at org.apache.catalina.startup.CatalinaBaseConfigurationSource.getResource(CatalinaBaseConfigurationSource.java:118)
	at org.apache.tomcat.util.net.SSLUtilBase.getStore(SSLUtilBase.java:200)
	at org.apache.tomcat.util.net.SSLHostConfigCertificate.getCertificateKeystore(SSLHostConfigCertificate.java:207)
	at org.apache.tomcat.util.net.SSLUtilBase.getKeyManagers(SSLUtilBase.java:282)
	at org.apache.tomcat.util.net.SSLUtilBase.createSSLContext(SSLUtilBase.java:246)
	at org.apache.tomcat.util.net.AbstractJsseEndpoint.createSSLContext(AbstractJsseEndpoint.java:104)
	... 25 common frames omitted
2023-04-24 13:04:32 [background-preinit] INFO  o.h.validator.internal.util.Version - HV000001: Hibernate Validator 8.0.0.Final
2023-04-24 13:04:32 [main] INFO  c.h.c.e.EmployeeManagementSystemApplication - Starting EmployeeManagementSystemApplication using Java 17.0.4.1 with PID 23584 (G:\HDFC_Spring\Employee_ManagementSystem\bin\main started by HP in G:\HDFC_Spring\Employee_ManagementSystem)
2023-04-24 13:04:32 [main] INFO  c.h.c.e.EmployeeManagementSystemApplication - No active profile set, falling back to 1 default profile: "default"
2023-04-24 13:04:32 [main] INFO  o.s.d.r.c.RepositoryConfigurationDelegate - Bootstrapping Spring Data JPA repositories in DEFAULT mode.
2023-04-24 13:04:32 [main] INFO  o.s.d.r.c.RepositoryConfigurationDelegate - Finished Spring Data repository scanning in 61 ms. Found 1 JPA repository interfaces.
2023-04-24 13:04:33 [main] INFO  o.s.b.w.e.tomcat.TomcatWebServer - Tomcat initialized with port(s): 8485 (https)
2023-04-24 13:04:33 [main] INFO  o.a.coyote.http11.Http11NioProtocol - Initializing ProtocolHandler ["https-jsse-nio-8485"]
2023-04-24 13:04:33 [main] INFO  o.a.catalina.core.StandardService - Starting service [Tomcat]
2023-04-24 13:04:33 [main] INFO  o.a.catalina.core.StandardEngine - Starting Servlet engine: [Apache Tomcat/10.1.8]
2023-04-24 13:04:33 [main] INFO  o.a.c.c.C.[Tomcat].[localhost].[/] - Initializing Spring embedded WebApplicationContext
2023-04-24 13:04:33 [main] INFO  o.s.b.w.s.c.ServletWebServerApplicationContext - Root WebApplicationContext: initialization completed in 1555 ms
2023-04-24 13:04:33 [main] INFO  o.h.jpa.internal.util.LogHelper - HHH000204: Processing PersistenceUnitInfo [name: default]
2023-04-24 13:04:34 [main] INFO  org.hibernate.Version - HHH000412: Hibernate ORM core version 6.1.7.Final
2023-04-24 13:04:34 [main] INFO  com.zaxxer.hikari.HikariDataSource - HikariPool-1 - Starting...
2023-04-24 13:04:35 [main] INFO  com.zaxxer.hikari.pool.HikariPool - HikariPool-1 - Added connection com.mysql.cj.jdbc.ConnectionImpl@52b32b70
2023-04-24 13:04:35 [main] INFO  com.zaxxer.hikari.HikariDataSource - HikariPool-1 - Start completed.
2023-04-24 13:04:35 [main] INFO  SQL dialect - HHH000400: Using dialect: org.hibernate.dialect.MySQLDialect
2023-04-24 13:04:36 [main] INFO  o.h.e.t.j.p.i.JtaPlatformInitiator - HHH000490: Using JtaPlatform implementation: [org.hibernate.engine.transaction.jta.platform.internal.NoJtaPlatform]
2023-04-24 13:04:36 [main] INFO  o.s.o.j.LocalContainerEntityManagerFactoryBean - Initialized JPA EntityManagerFactory for persistence unit 'default'
2023-04-24 13:04:36 [main] WARN  o.s.b.a.o.j.JpaBaseConfiguration$JpaWebConfiguration - spring.jpa.open-in-view is enabled by default. Therefore, database queries may be performed during view rendering. Explicitly configure spring.jpa.open-in-view to disable this warning
2023-04-24 13:04:37 [main] INFO  o.a.coyote.http11.Http11NioProtocol - Starting ProtocolHandler ["https-jsse-nio-8485"]
2023-04-24 13:04:37 [main] WARN  o.s.b.w.s.c.AnnotationConfigServletWebServerApplicationContext - Exception encountered during context initialization - cancelling refresh attempt: org.springframework.context.ApplicationContextException: Failed to start bean 'webServerStartStop'
2023-04-24 13:04:37 [main] INFO  o.s.o.j.LocalContainerEntityManagerFactoryBean - Closing JPA EntityManagerFactory for persistence unit 'default'
2023-04-24 13:04:37 [main] INFO  com.zaxxer.hikari.HikariDataSource - HikariPool-1 - Shutdown initiated...
2023-04-24 13:04:37 [main] INFO  com.zaxxer.hikari.HikariDataSource - HikariPool-1 - Shutdown completed.
2023-04-24 13:04:37 [main] INFO  o.a.coyote.http11.Http11NioProtocol - Pausing ProtocolHandler ["https-jsse-nio-8485"]
2023-04-24 13:04:37 [main] INFO  o.a.catalina.core.StandardService - Stopping service [Tomcat]
2023-04-24 13:04:37 [main] INFO  o.a.coyote.http11.Http11NioProtocol - Stopping ProtocolHandler ["https-jsse-nio-8485"]
2023-04-24 13:04:37 [main] INFO  o.a.coyote.http11.Http11NioProtocol - Destroying ProtocolHandler ["https-jsse-nio-8485"]
2023-04-24 13:04:37 [main] INFO  o.s.b.a.l.ConditionEvaluationReportLogger - 

Error starting ApplicationContext. To display the condition evaluation report re-run your application with 'debug' enabled.
2023-04-24 13:04:37 [main] ERROR o.s.boot.SpringApplication - Application run failed
org.springframework.context.ApplicationContextException: Failed to start bean 'webServerStartStop'
	at org.springframework.context.support.DefaultLifecycleProcessor.doStart(DefaultLifecycleProcessor.java:181)
	at org.springframework.context.support.DefaultLifecycleProcessor$LifecycleGroup.start(DefaultLifecycleProcessor.java:356)
	at java.base/java.lang.Iterable.forEach(Iterable.java:75)
	at org.springframework.context.support.DefaultLifecycleProcessor.startBeans(DefaultLifecycleProcessor.java:155)
	at org.springframework.context.support.DefaultLifecycleProcessor.onRefresh(DefaultLifecycleProcessor.java:123)
	at org.springframework.context.support.AbstractApplicationContext.finishRefresh(AbstractApplicationContext.java:934)
	at org.springframework.context.support.AbstractApplicationContext.refresh(AbstractApplicationContext.java:587)
	at org.springframework.boot.web.servlet.context.ServletWebServerApplicationContext.refresh(ServletWebServerApplicationContext.java:146)
	at org.springframework.boot.SpringApplication.refresh(SpringApplication.java:732)
	at org.springframework.boot.SpringApplication.refreshContext(SpringApplication.java:434)
	at org.springframework.boot.SpringApplication.run(SpringApplication.java:310)
	at org.springframework.boot.SpringApplication.run(SpringApplication.java:1304)
	at org.springframework.boot.SpringApplication.run(SpringApplication.java:1293)
	at com.hdfc.capstone.employee.EmployeeManagementSystemApplication.main(EmployeeManagementSystemApplication.java:10)
Caused by: org.springframework.boot.web.server.WebServerException: Unable to start embedded Tomcat server
	at org.springframework.boot.web.embedded.tomcat.TomcatWebServer.start(TomcatWebServer.java:229)
	at org.springframework.boot.web.servlet.context.WebServerStartStopLifecycle.start(WebServerStartStopLifecycle.java:44)
	at org.springframework.context.support.DefaultLifecycleProcessor.doStart(DefaultLifecycleProcessor.java:178)
	... 13 common frames omitted
Caused by: java.lang.IllegalArgumentException: standardService.connector.startFailed
	at org.apache.catalina.core.StandardService.addConnector(StandardService.java:235)
	at org.springframework.boot.web.embedded.tomcat.TomcatWebServer.addPreviouslyRemovedConnectors(TomcatWebServer.java:282)
	at org.springframework.boot.web.embedded.tomcat.TomcatWebServer.start(TomcatWebServer.java:213)
	... 15 common frames omitted
Caused by: org.apache.catalina.LifecycleException: Protocol handler start failed
	at org.apache.catalina.connector.Connector.startInternal(Connector.java:1043)
	at org.apache.catalina.util.LifecycleBase.start(LifecycleBase.java:183)
	at org.apache.catalina.core.StandardService.addConnector(StandardService.java:232)
	... 17 common frames omitted
Caused by: java.lang.IllegalArgumentException: G:\HDFC_Spring\Employee_ManagementSystem\keystore.p12 (The system cannot find the file specified)
	at org.apache.tomcat.util.net.AbstractJsseEndpoint.createSSLContext(AbstractJsseEndpoint.java:106)
	at org.apache.tomcat.util.net.AbstractJsseEndpoint.initialiseSsl(AbstractJsseEndpoint.java:70)
	at org.apache.tomcat.util.net.NioEndpoint.bind(NioEndpoint.java:207)
	at org.apache.tomcat.util.net.AbstractEndpoint.bindWithCleanup(AbstractEndpoint.java:1256)
	at org.apache.tomcat.util.net.AbstractEndpoint.start(AbstractEndpoint.java:1342)
	at org.apache.coyote.AbstractProtocol.start(AbstractProtocol.java:633)
	at org.apache.catalina.connector.Connector.startInternal(Connector.java:1041)
	... 19 common frames omitted
Caused by: java.io.FileNotFoundException: G:\HDFC_Spring\Employee_ManagementSystem\keystore.p12 (The system cannot find the file specified)
	at java.base/java.io.FileInputStream.open0(Native Method)
	at java.base/java.io.FileInputStream.open(FileInputStream.java:216)
	at java.base/java.io.FileInputStream.<init>(FileInputStream.java:157)
	at java.base/java.io.FileInputStream.<init>(FileInputStream.java:111)
	at java.base/sun.net.www.protocol.file.FileURLConnection.connect(FileURLConnection.java:86)
	at java.base/sun.net.www.protocol.file.FileURLConnection.getInputStream(FileURLConnection.java:189)
	at org.apache.catalina.startup.CatalinaBaseConfigurationSource.getResource(CatalinaBaseConfigurationSource.java:118)
	at org.apache.tomcat.util.net.SSLUtilBase.getStore(SSLUtilBase.java:200)
	at org.apache.tomcat.util.net.SSLHostConfigCertificate.getCertificateKeystore(SSLHostConfigCertificate.java:207)
	at org.apache.tomcat.util.net.SSLUtilBase.getKeyManagers(SSLUtilBase.java:282)
	at org.apache.tomcat.util.net.SSLUtilBase.createSSLContext(SSLUtilBase.java:246)
	at org.apache.tomcat.util.net.AbstractJsseEndpoint.createSSLContext(AbstractJsseEndpoint.java:104)
	... 25 common frames omitted
2023-04-24 13:14:29 [background-preinit] INFO  o.h.validator.internal.util.Version - HV000001: Hibernate Validator 8.0.0.Final
2023-04-24 13:14:29 [main] INFO  c.h.c.e.EmployeeManagementSystemApplication - Starting EmployeeManagementSystemApplication using Java 17.0.4.1 with PID 5960 (G:\HDFC_Spring\Employee_ManagementSystem\bin\main started by HP in G:\HDFC_Spring\Employee_ManagementSystem)
2023-04-24 13:14:29 [main] INFO  c.h.c.e.EmployeeManagementSystemApplication - No active profile set, falling back to 1 default profile: "default"
2023-04-24 13:14:30 [main] INFO  o.s.d.r.c.RepositoryConfigurationDelegate - Bootstrapping Spring Data JPA repositories in DEFAULT mode.
2023-04-24 13:14:30 [main] INFO  o.s.d.r.c.RepositoryConfigurationDelegate - Finished Spring Data repository scanning in 63 ms. Found 1 JPA repository interfaces.
2023-04-24 13:14:30 [main] INFO  o.s.b.w.e.tomcat.TomcatWebServer - Tomcat initialized with port(s): 8485 (https)
2023-04-24 13:14:30 [main] INFO  o.a.coyote.http11.Http11NioProtocol - Initializing ProtocolHandler ["https-jsse-nio-8485"]
2023-04-24 13:14:30 [main] INFO  o.a.catalina.core.StandardService - Starting service [Tomcat]
2023-04-24 13:14:30 [main] INFO  o.a.catalina.core.StandardEngine - Starting Servlet engine: [Apache Tomcat/10.1.8]
2023-04-24 13:14:30 [main] INFO  o.a.c.c.C.[Tomcat].[localhost].[/] - Initializing Spring embedded WebApplicationContext
2023-04-24 13:14:30 [main] INFO  o.s.b.w.s.c.ServletWebServerApplicationContext - Root WebApplicationContext: initialization completed in 1393 ms
2023-04-24 13:14:31 [main] INFO  o.h.jpa.internal.util.LogHelper - HHH000204: Processing PersistenceUnitInfo [name: default]
2023-04-24 13:14:31 [main] INFO  org.hibernate.Version - HHH000412: Hibernate ORM core version 6.1.7.Final
2023-04-24 13:14:31 [main] INFO  com.zaxxer.hikari.HikariDataSource - HikariPool-1 - Starting...
2023-04-24 13:14:31 [main] INFO  com.zaxxer.hikari.pool.HikariPool - HikariPool-1 - Added connection com.mysql.cj.jdbc.ConnectionImpl@2e3cd732
2023-04-24 13:14:31 [main] INFO  com.zaxxer.hikari.HikariDataSource - HikariPool-1 - Start completed.
2023-04-24 13:14:31 [main] INFO  SQL dialect - HHH000400: Using dialect: org.hibernate.dialect.MySQLDialect
2023-04-24 13:14:32 [main] INFO  o.h.e.t.j.p.i.JtaPlatformInitiator - HHH000490: Using JtaPlatform implementation: [org.hibernate.engine.transaction.jta.platform.internal.NoJtaPlatform]
2023-04-24 13:14:32 [main] INFO  o.s.o.j.LocalContainerEntityManagerFactoryBean - Initialized JPA EntityManagerFactory for persistence unit 'default'
2023-04-24 13:14:33 [main] WARN  o.s.b.a.o.j.JpaBaseConfiguration$JpaWebConfiguration - spring.jpa.open-in-view is enabled by default. Therefore, database queries may be performed during view rendering. Explicitly configure spring.jpa.open-in-view to disable this warning
2023-04-24 13:14:33 [main] INFO  o.a.coyote.http11.Http11NioProtocol - Starting ProtocolHandler ["https-jsse-nio-8485"]
2023-04-24 13:14:33 [main] WARN  o.s.b.w.s.c.AnnotationConfigServletWebServerApplicationContext - Exception encountered during context initialization - cancelling refresh attempt: org.springframework.context.ApplicationContextException: Failed to start bean 'webServerStartStop'
2023-04-24 13:14:33 [main] INFO  o.s.o.j.LocalContainerEntityManagerFactoryBean - Closing JPA EntityManagerFactory for persistence unit 'default'
2023-04-24 13:14:33 [main] INFO  com.zaxxer.hikari.HikariDataSource - HikariPool-1 - Shutdown initiated...
2023-04-24 13:14:33 [main] INFO  com.zaxxer.hikari.HikariDataSource - HikariPool-1 - Shutdown completed.
2023-04-24 13:14:33 [main] INFO  o.a.coyote.http11.Http11NioProtocol - Pausing ProtocolHandler ["https-jsse-nio-8485"]
2023-04-24 13:14:33 [main] INFO  o.a.catalina.core.StandardService - Stopping service [Tomcat]
2023-04-24 13:14:33 [main] INFO  o.a.coyote.http11.Http11NioProtocol - Stopping ProtocolHandler ["https-jsse-nio-8485"]
2023-04-24 13:14:33 [main] INFO  o.a.coyote.http11.Http11NioProtocol - Destroying ProtocolHandler ["https-jsse-nio-8485"]
2023-04-24 13:14:33 [main] INFO  o.s.b.a.l.ConditionEvaluationReportLogger - 

Error starting ApplicationContext. To display the condition evaluation report re-run your application with 'debug' enabled.
2023-04-24 13:14:33 [main] ERROR o.s.boot.SpringApplication - Application run failed
org.springframework.context.ApplicationContextException: Failed to start bean 'webServerStartStop'
	at org.springframework.context.support.DefaultLifecycleProcessor.doStart(DefaultLifecycleProcessor.java:181)
	at org.springframework.context.support.DefaultLifecycleProcessor$LifecycleGroup.start(DefaultLifecycleProcessor.java:356)
	at java.base/java.lang.Iterable.forEach(Iterable.java:75)
	at org.springframework.context.support.DefaultLifecycleProcessor.startBeans(DefaultLifecycleProcessor.java:155)
	at org.springframework.context.support.DefaultLifecycleProcessor.onRefresh(DefaultLifecycleProcessor.java:123)
	at org.springframework.context.support.AbstractApplicationContext.finishRefresh(AbstractApplicationContext.java:934)
	at org.springframework.context.support.AbstractApplicationContext.refresh(AbstractApplicationContext.java:587)
	at org.springframework.boot.web.servlet.context.ServletWebServerApplicationContext.refresh(ServletWebServerApplicationContext.java:146)
	at org.springframework.boot.SpringApplication.refresh(SpringApplication.java:732)
	at org.springframework.boot.SpringApplication.refreshContext(SpringApplication.java:434)
	at org.springframework.boot.SpringApplication.run(SpringApplication.java:310)
	at org.springframework.boot.SpringApplication.run(SpringApplication.java:1304)
	at org.springframework.boot.SpringApplication.run(SpringApplication.java:1293)
	at com.hdfc.capstone.employee.EmployeeManagementSystemApplication.main(EmployeeManagementSystemApplication.java:10)
Caused by: org.springframework.boot.web.server.WebServerException: Unable to start embedded Tomcat server
	at org.springframework.boot.web.embedded.tomcat.TomcatWebServer.start(TomcatWebServer.java:229)
	at org.springframework.boot.web.servlet.context.WebServerStartStopLifecycle.start(WebServerStartStopLifecycle.java:44)
	at org.springframework.context.support.DefaultLifecycleProcessor.doStart(DefaultLifecycleProcessor.java:178)
	... 13 common frames omitted
Caused by: java.lang.IllegalArgumentException: standardService.connector.startFailed
	at org.apache.catalina.core.StandardService.addConnector(StandardService.java:235)
	at org.springframework.boot.web.embedded.tomcat.TomcatWebServer.addPreviouslyRemovedConnectors(TomcatWebServer.java:282)
	at org.springframework.boot.web.embedded.tomcat.TomcatWebServer.start(TomcatWebServer.java:213)
	... 15 common frames omitted
Caused by: org.apache.catalina.LifecycleException: Protocol handler start failed
	at org.apache.catalina.connector.Connector.startInternal(Connector.java:1043)
	at org.apache.catalina.util.LifecycleBase.start(LifecycleBase.java:183)
	at org.apache.catalina.core.StandardService.addConnector(StandardService.java:232)
	... 17 common frames omitted
Caused by: java.lang.IllegalArgumentException: G:\HDFC_Spring\Employee_ManagementSystem\keystore.p12 (The system cannot find the file specified)
	at org.apache.tomcat.util.net.AbstractJsseEndpoint.createSSLContext(AbstractJsseEndpoint.java:106)
	at org.apache.tomcat.util.net.AbstractJsseEndpoint.initialiseSsl(AbstractJsseEndpoint.java:70)
	at org.apache.tomcat.util.net.NioEndpoint.bind(NioEndpoint.java:207)
	at org.apache.tomcat.util.net.AbstractEndpoint.bindWithCleanup(AbstractEndpoint.java:1256)
	at org.apache.tomcat.util.net.AbstractEndpoint.start(AbstractEndpoint.java:1342)
	at org.apache.coyote.AbstractProtocol.start(AbstractProtocol.java:633)
	at org.apache.catalina.connector.Connector.startInternal(Connector.java:1041)
	... 19 common frames omitted
Caused by: java.io.FileNotFoundException: G:\HDFC_Spring\Employee_ManagementSystem\keystore.p12 (The system cannot find the file specified)
	at java.base/java.io.FileInputStream.open0(Native Method)
	at java.base/java.io.FileInputStream.open(FileInputStream.java:216)
	at java.base/java.io.FileInputStream.<init>(FileInputStream.java:157)
	at java.base/java.io.FileInputStream.<init>(FileInputStream.java:111)
	at java.base/sun.net.www.protocol.file.FileURLConnection.connect(FileURLConnection.java:86)
	at java.base/sun.net.www.protocol.file.FileURLConnection.getInputStream(FileURLConnection.java:189)
	at org.apache.catalina.startup.CatalinaBaseConfigurationSource.getResource(CatalinaBaseConfigurationSource.java:118)
	at org.apache.tomcat.util.net.SSLUtilBase.getStore(SSLUtilBase.java:200)
	at org.apache.tomcat.util.net.SSLHostConfigCertificate.getCertificateKeystore(SSLHostConfigCertificate.java:207)
	at org.apache.tomcat.util.net.SSLUtilBase.getKeyManagers(SSLUtilBase.java:282)
	at org.apache.tomcat.util.net.SSLUtilBase.createSSLContext(SSLUtilBase.java:246)
	at org.apache.tomcat.util.net.AbstractJsseEndpoint.createSSLContext(AbstractJsseEndpoint.java:104)
	... 25 common frames omitted
2023-04-24 13:15:27 [background-preinit] INFO  o.h.validator.internal.util.Version - HV000001: Hibernate Validator 8.0.0.Final
2023-04-24 13:15:27 [main] INFO  c.h.c.e.EmployeeManagementSystemApplication - Starting EmployeeManagementSystemApplication using Java 17.0.4.1 with PID 3944 (G:\HDFC_Spring\Employee_ManagementSystem\bin\main started by HP in G:\HDFC_Spring\Employee_ManagementSystem)
2023-04-24 13:15:27 [main] INFO  c.h.c.e.EmployeeManagementSystemApplication - No active profile set, falling back to 1 default profile: "default"
2023-04-24 13:15:28 [main] INFO  o.s.d.r.c.RepositoryConfigurationDelegate - Bootstrapping Spring Data JPA repositories in DEFAULT mode.
2023-04-24 13:15:28 [main] INFO  o.s.d.r.c.RepositoryConfigurationDelegate - Finished Spring Data repository scanning in 73 ms. Found 1 JPA repository interfaces.
2023-04-24 13:15:28 [main] INFO  o.s.b.w.e.tomcat.TomcatWebServer - Tomcat initialized with port(s): 8485 (https)
2023-04-24 13:15:28 [main] INFO  o.a.coyote.http11.Http11NioProtocol - Initializing ProtocolHandler ["https-jsse-nio-8485"]
2023-04-24 13:15:28 [main] INFO  o.a.catalina.core.StandardService - Starting service [Tomcat]
2023-04-24 13:15:28 [main] INFO  o.a.catalina.core.StandardEngine - Starting Servlet engine: [Apache Tomcat/10.1.8]
2023-04-24 13:15:29 [main] INFO  o.a.c.c.C.[Tomcat].[localhost].[/] - Initializing Spring embedded WebApplicationContext
2023-04-24 13:15:29 [main] INFO  o.s.b.w.s.c.ServletWebServerApplicationContext - Root WebApplicationContext: initialization completed in 1383 ms
2023-04-24 13:15:29 [main] INFO  o.h.jpa.internal.util.LogHelper - HHH000204: Processing PersistenceUnitInfo [name: default]
2023-04-24 13:15:29 [main] INFO  org.hibernate.Version - HHH000412: Hibernate ORM core version 6.1.7.Final
2023-04-24 13:15:29 [main] INFO  com.zaxxer.hikari.HikariDataSource - HikariPool-1 - Starting...
2023-04-24 13:15:29 [main] INFO  com.zaxxer.hikari.pool.HikariPool - HikariPool-1 - Added connection com.mysql.cj.jdbc.ConnectionImpl@d3cce46
2023-04-24 13:15:29 [main] INFO  com.zaxxer.hikari.HikariDataSource - HikariPool-1 - Start completed.
2023-04-24 13:15:29 [main] INFO  SQL dialect - HHH000400: Using dialect: org.hibernate.dialect.MySQLDialect
2023-04-24 13:15:30 [main] INFO  o.h.e.t.j.p.i.JtaPlatformInitiator - HHH000490: Using JtaPlatform implementation: [org.hibernate.engine.transaction.jta.platform.internal.NoJtaPlatform]
2023-04-24 13:15:30 [main] INFO  o.s.o.j.LocalContainerEntityManagerFactoryBean - Initialized JPA EntityManagerFactory for persistence unit 'default'
2023-04-24 13:15:31 [main] WARN  o.s.b.a.o.j.JpaBaseConfiguration$JpaWebConfiguration - spring.jpa.open-in-view is enabled by default. Therefore, database queries may be performed during view rendering. Explicitly configure spring.jpa.open-in-view to disable this warning
2023-04-24 13:15:31 [main] INFO  o.a.coyote.http11.Http11NioProtocol - Starting ProtocolHandler ["https-jsse-nio-8485"]
2023-04-24 13:15:31 [main] WARN  o.s.b.w.s.c.AnnotationConfigServletWebServerApplicationContext - Exception encountered during context initialization - cancelling refresh attempt: org.springframework.context.ApplicationContextException: Failed to start bean 'webServerStartStop'
2023-04-24 13:15:31 [main] INFO  o.s.o.j.LocalContainerEntityManagerFactoryBean - Closing JPA EntityManagerFactory for persistence unit 'default'
2023-04-24 13:15:31 [main] INFO  com.zaxxer.hikari.HikariDataSource - HikariPool-1 - Shutdown initiated...
2023-04-24 13:15:32 [main] INFO  com.zaxxer.hikari.HikariDataSource - HikariPool-1 - Shutdown completed.
2023-04-24 13:15:32 [main] INFO  o.a.coyote.http11.Http11NioProtocol - Pausing ProtocolHandler ["https-jsse-nio-8485"]
2023-04-24 13:15:32 [main] INFO  o.a.catalina.core.StandardService - Stopping service [Tomcat]
2023-04-24 13:15:32 [main] INFO  o.a.coyote.http11.Http11NioProtocol - Stopping ProtocolHandler ["https-jsse-nio-8485"]
2023-04-24 13:15:32 [main] INFO  o.a.coyote.http11.Http11NioProtocol - Destroying ProtocolHandler ["https-jsse-nio-8485"]
2023-04-24 13:15:32 [main] INFO  o.s.b.a.l.ConditionEvaluationReportLogger - 

Error starting ApplicationContext. To display the condition evaluation report re-run your application with 'debug' enabled.
2023-04-24 13:15:32 [main] ERROR o.s.boot.SpringApplication - Application run failed
org.springframework.context.ApplicationContextException: Failed to start bean 'webServerStartStop'
	at org.springframework.context.support.DefaultLifecycleProcessor.doStart(DefaultLifecycleProcessor.java:181)
	at org.springframework.context.support.DefaultLifecycleProcessor$LifecycleGroup.start(DefaultLifecycleProcessor.java:356)
	at java.base/java.lang.Iterable.forEach(Iterable.java:75)
	at org.springframework.context.support.DefaultLifecycleProcessor.startBeans(DefaultLifecycleProcessor.java:155)
	at org.springframework.context.support.DefaultLifecycleProcessor.onRefresh(DefaultLifecycleProcessor.java:123)
	at org.springframework.context.support.AbstractApplicationContext.finishRefresh(AbstractApplicationContext.java:934)
	at org.springframework.context.support.AbstractApplicationContext.refresh(AbstractApplicationContext.java:587)
	at org.springframework.boot.web.servlet.context.ServletWebServerApplicationContext.refresh(ServletWebServerApplicationContext.java:146)
	at org.springframework.boot.SpringApplication.refresh(SpringApplication.java:732)
	at org.springframework.boot.SpringApplication.refreshContext(SpringApplication.java:434)
	at org.springframework.boot.SpringApplication.run(SpringApplication.java:310)
	at org.springframework.boot.SpringApplication.run(SpringApplication.java:1304)
	at org.springframework.boot.SpringApplication.run(SpringApplication.java:1293)
	at com.hdfc.capstone.employee.EmployeeManagementSystemApplication.main(EmployeeManagementSystemApplication.java:10)
Caused by: org.springframework.boot.web.server.WebServerException: Unable to start embedded Tomcat server
	at org.springframework.boot.web.embedded.tomcat.TomcatWebServer.start(TomcatWebServer.java:229)
	at org.springframework.boot.web.servlet.context.WebServerStartStopLifecycle.start(WebServerStartStopLifecycle.java:44)
	at org.springframework.context.support.DefaultLifecycleProcessor.doStart(DefaultLifecycleProcessor.java:178)
	... 13 common frames omitted
Caused by: java.lang.IllegalArgumentException: standardService.connector.startFailed
	at org.apache.catalina.core.StandardService.addConnector(StandardService.java:235)
	at org.springframework.boot.web.embedded.tomcat.TomcatWebServer.addPreviouslyRemovedConnectors(TomcatWebServer.java:282)
	at org.springframework.boot.web.embedded.tomcat.TomcatWebServer.start(TomcatWebServer.java:213)
	... 15 common frames omitted
Caused by: org.apache.catalina.LifecycleException: Protocol handler start failed
	at org.apache.catalina.connector.Connector.startInternal(Connector.java:1043)
	at org.apache.catalina.util.LifecycleBase.start(LifecycleBase.java:183)
	at org.apache.catalina.core.StandardService.addConnector(StandardService.java:232)
	... 17 common frames omitted
Caused by: java.lang.IllegalArgumentException: G:\HDFC_Spring\Employee_ManagementSystem\keystore.p12 (The system cannot find the file specified)
	at org.apache.tomcat.util.net.AbstractJsseEndpoint.createSSLContext(AbstractJsseEndpoint.java:106)
	at org.apache.tomcat.util.net.AbstractJsseEndpoint.initialiseSsl(AbstractJsseEndpoint.java:70)
	at org.apache.tomcat.util.net.NioEndpoint.bind(NioEndpoint.java:207)
	at org.apache.tomcat.util.net.AbstractEndpoint.bindWithCleanup(AbstractEndpoint.java:1256)
	at org.apache.tomcat.util.net.AbstractEndpoint.start(AbstractEndpoint.java:1342)
	at org.apache.coyote.AbstractProtocol.start(AbstractProtocol.java:633)
	at org.apache.catalina.connector.Connector.startInternal(Connector.java:1041)
	... 19 common frames omitted
Caused by: java.io.FileNotFoundException: G:\HDFC_Spring\Employee_ManagementSystem\keystore.p12 (The system cannot find the file specified)
	at java.base/java.io.FileInputStream.open0(Native Method)
	at java.base/java.io.FileInputStream.open(FileInputStream.java:216)
	at java.base/java.io.FileInputStream.<init>(FileInputStream.java:157)
	at java.base/java.io.FileInputStream.<init>(FileInputStream.java:111)
	at java.base/sun.net.www.protocol.file.FileURLConnection.connect(FileURLConnection.java:86)
	at java.base/sun.net.www.protocol.file.FileURLConnection.getInputStream(FileURLConnection.java:189)
	at org.apache.catalina.startup.CatalinaBaseConfigurationSource.getResource(CatalinaBaseConfigurationSource.java:118)
	at org.apache.tomcat.util.net.SSLUtilBase.getStore(SSLUtilBase.java:200)
	at org.apache.tomcat.util.net.SSLHostConfigCertificate.getCertificateKeystore(SSLHostConfigCertificate.java:207)
	at org.apache.tomcat.util.net.SSLUtilBase.getKeyManagers(SSLUtilBase.java:282)
	at org.apache.tomcat.util.net.SSLUtilBase.createSSLContext(SSLUtilBase.java:246)
	at org.apache.tomcat.util.net.AbstractJsseEndpoint.createSSLContext(AbstractJsseEndpoint.java:104)
	... 25 common frames omitted
2023-04-24 13:16:04 [background-preinit] INFO  o.h.validator.internal.util.Version - HV000001: Hibernate Validator 8.0.0.Final
2023-04-24 13:16:04 [main] INFO  c.h.c.e.EmployeeManagementSystemApplication - Starting EmployeeManagementSystemApplication using Java 17.0.4.1 with PID 22976 (G:\HDFC_Spring\Employee_ManagementSystem\bin\main started by HP in G:\HDFC_Spring\Employee_ManagementSystem)
2023-04-24 13:16:04 [main] INFO  c.h.c.e.EmployeeManagementSystemApplication - No active profile set, falling back to 1 default profile: "default"
2023-04-24 13:16:05 [main] INFO  o.s.d.r.c.RepositoryConfigurationDelegate - Bootstrapping Spring Data JPA repositories in DEFAULT mode.
2023-04-24 13:16:05 [main] INFO  o.s.d.r.c.RepositoryConfigurationDelegate - Finished Spring Data repository scanning in 67 ms. Found 1 JPA repository interfaces.
2023-04-24 13:16:05 [main] INFO  o.s.b.w.e.tomcat.TomcatWebServer - Tomcat initialized with port(s): 8485 (https)
2023-04-24 13:16:05 [main] INFO  o.a.coyote.http11.Http11NioProtocol - Initializing ProtocolHandler ["https-jsse-nio-8485"]
2023-04-24 13:16:05 [main] INFO  o.a.catalina.core.StandardService - Starting service [Tomcat]
2023-04-24 13:16:05 [main] INFO  o.a.catalina.core.StandardEngine - Starting Servlet engine: [Apache Tomcat/10.1.8]
2023-04-24 13:16:05 [main] INFO  o.a.c.c.C.[Tomcat].[localhost].[/] - Initializing Spring embedded WebApplicationContext
2023-04-24 13:16:05 [main] INFO  o.s.b.w.s.c.ServletWebServerApplicationContext - Root WebApplicationContext: initialization completed in 1405 ms
2023-04-24 13:16:05 [main] INFO  o.h.jpa.internal.util.LogHelper - HHH000204: Processing PersistenceUnitInfo [name: default]
2023-04-24 13:16:05 [main] INFO  org.hibernate.Version - HHH000412: Hibernate ORM core version 6.1.7.Final
2023-04-24 13:16:06 [main] INFO  com.zaxxer.hikari.HikariDataSource - HikariPool-1 - Starting...
2023-04-24 13:16:06 [main] INFO  com.zaxxer.hikari.pool.HikariPool - HikariPool-1 - Added connection com.mysql.cj.jdbc.ConnectionImpl@15f2a43f
2023-04-24 13:16:06 [main] INFO  com.zaxxer.hikari.HikariDataSource - HikariPool-1 - Start completed.
2023-04-24 13:16:06 [main] INFO  SQL dialect - HHH000400: Using dialect: org.hibernate.dialect.MySQLDialect
2023-04-24 13:16:07 [main] INFO  o.h.e.t.j.p.i.JtaPlatformInitiator - HHH000490: Using JtaPlatform implementation: [org.hibernate.engine.transaction.jta.platform.internal.NoJtaPlatform]
2023-04-24 13:16:07 [main] INFO  o.s.o.j.LocalContainerEntityManagerFactoryBean - Initialized JPA EntityManagerFactory for persistence unit 'default'
2023-04-24 13:16:07 [main] WARN  o.s.b.a.o.j.JpaBaseConfiguration$JpaWebConfiguration - spring.jpa.open-in-view is enabled by default. Therefore, database queries may be performed during view rendering. Explicitly configure spring.jpa.open-in-view to disable this warning
2023-04-24 13:16:08 [main] INFO  o.a.coyote.http11.Http11NioProtocol - Starting ProtocolHandler ["https-jsse-nio-8485"]
2023-04-24 13:16:08 [main] INFO  o.a.t.u.net.NioEndpoint.certificate - Connector [https-jsse-nio-8485], TLS virtual host [_default_], certificate type [UNDEFINED] configured from [file:/G:/HDFC_Spring/Employee_ManagementSystem/keystore.p12] using alias [mydomain] and with trust store [null]
2023-04-24 13:16:08 [main] INFO  o.s.b.w.e.tomcat.TomcatWebServer - Tomcat started on port(s): 8485 (https) with context path ''
2023-04-24 13:16:08 [main] INFO  c.h.c.e.EmployeeManagementSystemApplication - Started EmployeeManagementSystemApplication in 5.083 seconds (process running for 6.092)
2023-04-24 13:19:04 [https-jsse-nio-8485-exec-10] INFO  o.a.c.c.C.[Tomcat].[localhost].[/] - Initializing Spring DispatcherServlet 'dispatcherServlet'
2023-04-24 13:19:04 [https-jsse-nio-8485-exec-10] INFO  o.s.web.servlet.DispatcherServlet - Initializing Servlet 'dispatcherServlet'
2023-04-24 13:19:04 [https-jsse-nio-8485-exec-10] INFO  o.s.web.servlet.DispatcherServlet - Completed initialization in 1 ms
2023-04-24 13:19:04 [https-jsse-nio-8485-exec-10] WARN  o.s.c.LocalVariableTableParameterNameDiscoverer - Using deprecated '-debug' fallback for parameter name resolution. Compile the affected code with '-parameters' instead or avoid its introspection: com.hdfc.capstone.employee.controller.EmployeeController
2023-04-24 13:19:04 [https-jsse-nio-8485-exec-10] INFO  c.h.c.e.c.EmployeeController - Record of EmployeeID(1101)is called
2023-04-24 13:19:25 [https-jsse-nio-8485-exec-6] INFO  c.h.c.e.c.EmployeeController - Record of EmployeeID(1103)is called
2023-04-24 15:34:10 [https-jsse-nio-8485-exec-5] INFO  c.h.c.e.c.EmployeeController - Record of EmployeeID(1103)is called
2023-04-24 15:35:21 [https-jsse-nio-8485-exec-4] INFO  c.h.c.e.c.EmployeeController - Record of EmployeeID(1108)is called
2023-04-24 15:35:33 [https-jsse-nio-8485-exec-2] INFO  c.h.c.e.c.EmployeeController - Record of EmployeeID(1109)is called
2023-04-24 15:35:40 [https-jsse-nio-8485-exec-8] INFO  c.h.c.e.c.EmployeeController - Record of EmployeeID(1115)is called
2023-04-24 15:35:48 [https-jsse-nio-8485-exec-4] INFO  c.h.c.e.c.EmployeeController - Record of EmployeeID(1110)is called
2023-04-24 15:35:54 [https-jsse-nio-8485-exec-2] INFO  c.h.c.e.c.EmployeeController - Record of EmployeeID(1101)is called
2023-04-24 15:44:35 [https-jsse-nio-8485-exec-8] INFO  c.h.c.e.c.EmployeeController - Record of EmployeeID(1103)is called
2023-04-24 15:44:44 [https-jsse-nio-8485-exec-9] INFO  c.h.c.e.c.EmployeeController - Record of EmployeeID(1109)is called
2023-04-24 15:44:48 [https-jsse-nio-8485-exec-10] INFO  c.h.c.e.c.EmployeeController - Record of EmployeeID(1101)is called
2023-04-24 15:44:52 [https-jsse-nio-8485-exec-2] INFO  c.h.c.e.c.EmployeeController - Record of EmployeeID(11011)is called
2023-04-24 15:44:56 [https-jsse-nio-8485-exec-3] INFO  c.h.c.e.c.EmployeeController - Record of EmployeeID(1101)is called
